2023-11-18 20:27:05,998 [Worker-5: Loading available Gradle versions] INFO  o.e.b.c.i.u.g.PublishedGradleVersions - Gradle version information cache is not available. Remote download required.
2023-11-18 20:38:13,368 [Worker-4: Loading available Gradle versions] INFO  o.e.b.c.i.u.g.PublishedGradleVersions - Gradle version information cache is up-to-date. Trying to read.
2023-11-18 20:40:41,065 [Start Help Server] INFO  org.eclipse.jetty.server.Server - jetty-10.0.15; built: 2023-04-11T17:25:14.480Z; git: 68017dbd00236bb7e187330d7585a059610f661d; jvm 17.0.9+11-LTS-201
2023-11-18 20:40:41,120 [Start Help Server] INFO  o.e.j.s.s.DefaultSessionIdManager - Session workerName=node0
2023-11-18 20:40:41,168 [Start Help Server] INFO  o.e.j.server.handler.ContextHandler - Started o.e.j.s.ServletContextHandler@42d5bf1c{/help,null,AVAILABLE}
2023-11-18 20:40:41,192 [Start Help Server] INFO  o.e.jetty.server.AbstractConnector - Started ServerConnector@77114d9b{HTTP/1.1, (http/1.1)}{127.0.0.1:51637}
2023-11-18 20:40:41,208 [Start Help Server] INFO  org.eclipse.jetty.server.Server - Started Server@1ec1db1d{STARTING}[10.0.15,sto=0] @167293ms
2023-11-18 21:14:46,601 [Stop Help Server] INFO  org.eclipse.jetty.server.Server - Stopped Server@1ec1db1d{STOPPING}[10.0.15,sto=0]
2023-11-18 21:14:46,607 [Stop Help Server] INFO  o.e.jetty.server.AbstractConnector - Stopped ServerConnector@77114d9b{HTTP/1.1, (http/1.1)}{127.0.0.1:0}
2023-11-18 21:14:46,640 [Stop Help Server] INFO  o.e.j.server.handler.ContextHandler - Stopped o.e.j.s.ServletContextHandler@42d5bf1c{/help,null,STOPPED}
2023-11-18 21:15:08,929 [Worker-3: Loading available Gradle versions] INFO  o.e.b.c.i.u.g.PublishedGradleVersions - Gradle version information cache is up-to-date. Trying to read.
2023-11-18 21:18:28,357 [Worker-6: Loading available Gradle versions] INFO  o.e.b.c.i.u.g.PublishedGradleVersions - Gradle version information cache is up-to-date. Trying to read.
2023-11-18 21:26:52,437 [Worker-5: Loading available Gradle versions] INFO  o.e.b.c.i.u.g.PublishedGradleVersions - Gradle version information cache is up-to-date. Trying to read.
2023-11-18 21:52:18,480 [Worker-5: Loading available Gradle versions] INFO  o.e.b.c.i.u.g.PublishedGradleVersions - Gradle version information cache is up-to-date. Trying to read.
2023-11-18 21:53:44,951 [Worker-13: Updating Maven Project] INFO  o.e.m.c.i.p.ProjectConfigurationManager - Update started
2023-11-18 21:53:44,955 [Worker-13: Updating Maven Project] INFO  o.e.m.c.i.p.ProjectConfigurationManager - Update completed for 0 poms: local refresh takes 0.00 sec, refresh facades takes 0.00 sec, update config takes 0.00 sec 
2023-11-25 18:37:49,182 [Worker-4: Loading available Gradle versions] INFO  o.e.b.c.i.u.g.PublishedGradleVersions - Gradle version information cache is out-of-date. Trying to update.
2023-11-25 18:58:12,102 [Worker-1: Loading available Gradle versions] INFO  o.e.b.c.i.u.g.PublishedGradleVersions - Gradle version information cache is up-to-date. Trying to read.
2024-01-18 17:04:47,317 [Worker-8: Loading available Gradle versions] INFO  o.e.b.c.i.u.g.PublishedGradleVersions - Gradle version information cache is out-of-date. Trying to update.
2024-02-06 17:44:19,110 [Worker-9: Loading available Gradle versions] INFO  o.e.b.c.i.u.g.PublishedGradleVersions - Gradle version information cache is out-of-date. Trying to update.
